<?xml version="1.0" encoding="UTF-8"?>
<testng-results skipped="0" failed="0" ignored="0" total="1" passed="1">
  <reporter-output>
  </reporter-output>
  <suite name="testSuite" duration-ms="32" started-at="2017-11-26T13:59:02Z" finished-at="2017-11-26T13:59:02Z">
    <groups>
    </groups>
    <test name="testName" duration-ms="32" started-at="2017-11-26T13:59:02Z" finished-at="2017-11-26T13:59:02Z">
      <class name="com.testpack.one.testClass1">
        <test-method status="PASS" signature="f()[pri:0, instance:com.testpack.one.testClass1@3c1e69]" name="f" duration-ms="8" started-at="2017-11-26T19:29:02Z" finished-at="2017-11-26T19:29:02Z">
          <reporter-output>
          </reporter-output>
        </test-method> <!-- f -->
      </class> <!-- com.testpack.one.testClass1 -->
    </test> <!-- testName -->
  </suite> <!-- testSuite -->
</testng-results>
