<?xml version="1.0" encoding="UTF-8"?>
<testng-results skipped="0" failed="0" ignored="0" total="1" passed="1">
  <reporter-output>
  </reporter-output>
  <suite name="testSuite" duration-ms="40" started-at="2017-11-28T16:35:11Z" finished-at="2017-11-28T16:35:11Z">
    <groups>
    </groups>
    <test name="testName" duration-ms="40" started-at="2017-11-28T16:35:11Z" finished-at="2017-11-28T16:35:11Z">
      <class name="com.testpack.one.testClass1">
        <test-method status="PASS" signature="f()[pri:0, instance:com.testpack.one.testClass1@458ad742]" name="f" duration-ms="11" started-at="2017-11-28T22:05:11Z" finished-at="2017-11-28T22:05:11Z">
          <reporter-output>
          </reporter-output>
        </test-method> <!-- f -->
      </class> <!-- com.testpack.one.testClass1 -->
    </test> <!-- testName -->
  </suite> <!-- testSuite -->
</testng-results>
